#
# There is insufficient memory for the Java Runtime Environment to continue.
# Native memory allocation (mmap) failed to map 134217728 bytes for Failed to commit area from 0x0000000081400000 to 0x0000000089400000 of length 134217728.
# Possible reasons:
#   The system is out of physical RAM or swap space
#   The process is running with CompressedOops enabled, and the Java Heap may be blocking the growth of the native heap
# Possible solutions:
#   Reduce memory load on the system
#   Increase physical memory or swap space
#   Check if swap backing store is full
#   Decrease Java heap size (-Xmx/-Xms)
#   Decrease number of Java threads
#   Decrease Java thread stack sizes (-Xss)
#   Set larger code cache with -XX:ReservedCodeCacheSize=
# This output file may be truncated or incomplete.
#
#  Out of Memory Error (./src/hotspot/os/windows/os_windows.cpp:3303), pid=12256, tid=12360
#
# JRE version:  (11.0.9+11) (build )
# Java VM: OpenJDK 64-Bit Server VM (11.0.9+11, mixed mode, sharing, tiered, compressed oops, g1 gc, windows-amd64)
# No core dump will be written. Minidumps are not enabled by default on client versions of Windows
#

---------------  S U M M A R Y ------------

Command Line: -Dfile.encoding=UTF-8 FuncionHash

Host: Intel(R) Core(TM) i7-5500U CPU @ 2.40GHz, 4 cores, 7G,  Windows 10 , 64 bit Build 19041 (10.0.19041.546)
Time: Sat Nov 28 17:48:58 2020 Hora estándar, América Central elapsed time: 0.049325 seconds (0d 0h 0m 0s)

---------------  T H R E A D  ---------------

Current thread (0x000001bc0001e000):  JavaThread "Unknown thread" [_thread_in_vm, id=12360, stack(0x0000002a22d00000,0x0000002a22e00000)]

Stack: [0x0000002a22d00000,0x0000002a22e00000]
Native frames: (J=compiled Java code, j=interpreted, Vv=VM code, C=native code)
V  [jvm.dll+0x5f465a]
V  [jvm.dll+0x77c78e]
V  [jvm.dll+0x77de5f]
V  [jvm.dll+0x77e523]
V  [jvm.dll+0x2477c8]
V  [jvm.dll+0x5f18ba]
V  [jvm.dll+0x5e6505]
V  [jvm.dll+0x2fca8c]
V  [jvm.dll+0x2fc912]
V  [jvm.dll+0x3015c6]
V  [jvm.dll+0x345e3f]
V  [jvm.dll+0x345870]
V  [jvm.dll+0x2d9ce8]
V  [jvm.dll+0x2dae36]
V  [jvm.dll+0x758137]
V  [jvm.dll+0x7598bf]
V  [jvm.dll+0x352c39]
V  [jvm.dll+0x73b3c0]
V  [jvm.dll+0x3ba30f]
V  [jvm.dll+0x3bc7b1]
C  [jli.dll+0x520b]
C  [ucrtbase.dll+0x214c2]
C  [KERNEL32.DLL+0x17034]
C  [ntdll.dll+0x4cec1]


---------------  P R O C E S S  ---------------

Threads class SMR info:
_java_thread_list=0x000001bc7de90f50, length=0, elements={
}

Java Threads: ( => current thread )

Other Threads:
  0x000001bc00038000 GCTaskThread "GC Thread#0" [stack: 0x0000002a22e00000,0x0000002a22f00000] [id=9500]
  0x000001bc0006b800 ConcurrentGCThread "G1 Main Marker" [stack: 0x0000002a22f00000,0x0000002a23000000] [id=1516]
  0x000001bc0006e000 ConcurrentGCThread "G1 Conc#0" [stack: 0x0000002a23000000,0x0000002a23100000] [id=8720]

[error occurred during error reporting (printing all threads), id 0xc0000005, EXCEPTION_ACCESS_VIOLATION (0xc0000005) at pc=0x00007ffeeb099367]

VM state:not at safepoint (not fully initialized)

VM Mutex/Monitor currently owned by a thread:  ([mutex/lock_event])
[0x000001bc0001af30] Heap_lock - owner thread: 0x000001bc0001e000

Heap address: 0x0000000081400000, size: 2028 MB, Compressed Oops mode: Non-zero based: 0x0000000081400000
Narrow klass base: 0x0000000000000000, Narrow klass shift: 0

GC Heap History (0 events):
No events

Deoptimization events (0 events):
No events

Classes redefined (0 events):
No events

Internal exceptions (0 events):
No events

Events (1 events):
Event: 0.030 Loaded shared library C:\Program Files\AdoptOpenJDK\jdk-11.0.9.11-hotspot\bin\zip.dll


Dynamic libraries:
0x00007ff6fc940000 - 0x00007ff6fc94d000 	C:\Program Files\AdoptOpenJDK\jdk-11.0.9.11-hotspot\bin\java.exe
0x00007fff4c130000 - 0x00007fff4c326000 	C:\WINDOWS\SYSTEM32\ntdll.dll
0x00007fff2b3d0000 - 0x00007fff2b3e2000 	C:\Program Files\AVAST Software\Avast\aswhook.dll
0x00007fff4c030000 - 0x00007fff4c0ed000 	C:\WINDOWS\System32\KERNEL32.DLL
0x00007fff49ae0000 - 0x00007fff49da8000 	C:\WINDOWS\System32\KERNELBASE.dll
0x00007fff4a060000 - 0x00007fff4a160000 	C:\WINDOWS\System32\ucrtbase.dll
0x00007fff3a240000 - 0x00007fff3a257000 	C:\Program Files\AdoptOpenJDK\jdk-11.0.9.11-hotspot\bin\jli.dll
0x00007fff4a190000 - 0x00007fff4a330000 	C:\WINDOWS\System32\USER32.dll
0x00007fff49db0000 - 0x00007fff49dd2000 	C:\WINDOWS\System32\win32u.dll
0x00007fff4b470000 - 0x00007fff4b49a000 	C:\WINDOWS\System32\GDI32.dll
0x00007fff49f50000 - 0x00007fff4a059000 	C:\WINDOWS\System32\gdi32full.dll
0x00007fff49de0000 - 0x00007fff49e7d000 	C:\WINDOWS\System32\msvcp_win.dll
0x00007fff36f50000 - 0x00007fff36f65000 	C:\Program Files\AdoptOpenJDK\jdk-11.0.9.11-hotspot\bin\VCRUNTIME140.dll
0x00007fff32c30000 - 0x00007fff32ecb000 	C:\WINDOWS\WinSxS\amd64_microsoft.windows.common-controls_6595b64144ccf1df_6.0.19041.488_none_ca04af081b815d21\COMCTL32.dll
0x00007fff4b870000 - 0x00007fff4b90e000 	C:\WINDOWS\System32\msvcrt.dll
0x00007fff4a640000 - 0x00007fff4a670000 	C:\WINDOWS\System32\IMM32.DLL
0x00007fff36eb0000 - 0x00007fff36f4b000 	C:\Program Files\AdoptOpenJDK\jdk-11.0.9.11-hotspot\bin\msvcp140.dll
0x00007ffeeadb0000 - 0x00007ffeeb8f3000 	C:\Program Files\AdoptOpenJDK\jdk-11.0.9.11-hotspot\bin\server\jvm.dll
0x00007fff4bf80000 - 0x00007fff4c02c000 	C:\WINDOWS\System32\ADVAPI32.dll
0x00007fff4a3e0000 - 0x00007fff4a47b000 	C:\WINDOWS\System32\sechost.dll
0x00007fff4b910000 - 0x00007fff4ba34000 	C:\WINDOWS\System32\RPCRT4.dll
0x00007fff4bf10000 - 0x00007fff4bf18000 	C:\WINDOWS\System32\PSAPI.DLL
0x00007fff3c6f0000 - 0x00007fff3c6f9000 	C:\WINDOWS\SYSTEM32\WSOCK32.dll
0x00007fff4b800000 - 0x00007fff4b86b000 	C:\WINDOWS\System32\WS2_32.dll
0x00007fff39c40000 - 0x00007fff39c67000 	C:\WINDOWS\SYSTEM32\WINMM.dll
0x00007fff44000000 - 0x00007fff4400a000 	C:\WINDOWS\SYSTEM32\VERSION.dll
0x00007fff476b0000 - 0x00007fff476c2000 	C:\WINDOWS\SYSTEM32\kernel.appcore.dll
0x00007fff455f0000 - 0x00007fff45600000 	C:\Program Files\AdoptOpenJDK\jdk-11.0.9.11-hotspot\bin\verify.dll
0x00007fff42c60000 - 0x00007fff42e44000 	C:\WINDOWS\SYSTEM32\DBGHELP.DLL
0x00007fff42c30000 - 0x00007fff42c5c000 	C:\WINDOWS\SYSTEM32\dbgcore.DLL
0x00007fff49e80000 - 0x00007fff49eff000 	C:\WINDOWS\System32\bcryptPrimitives.dll
0x00007fff33550000 - 0x00007fff33578000 	C:\Program Files\AdoptOpenJDK\jdk-11.0.9.11-hotspot\bin\java.dll
0x00007fff45380000 - 0x00007fff4538a000 	C:\Program Files\AdoptOpenJDK\jdk-11.0.9.11-hotspot\bin\jimage.dll
0x00007fff36c80000 - 0x00007fff36c97000 	C:\Program Files\AdoptOpenJDK\jdk-11.0.9.11-hotspot\bin\zip.dll

dbghelp: loaded successfully - version: 4.0.5 - missing functions: none
symbol engine: initialized successfully - sym options: 0x614 - pdb path: .;C:\Program Files\AdoptOpenJDK\jdk-11.0.9.11-hotspot\bin;C:\WINDOWS\SYSTEM32;C:\Program Files\AVAST Software\Avast;C:\WINDOWS\WinSxS\amd64_microsoft.windows.common-controls_6595b64144ccf1df_6.0.19041.488_none_ca04af081b815d21;C:\Program Files\AdoptOpenJDK\jdk-11.0.9.11-hotspot\bin\server

VM Arguments:
jvm_args: -Dfile.encoding=UTF-8 
java_command: FuncionHash
java_class_path (initial): C:\Users\Lipx3\AppData\Roaming\Code\User\workspaceStorage\8196a701685615d7d5c38bd3b59cba1d\redhat.java\jdt_ws\LenguajesFormales_beb54f6d\bin
Launcher Type: SUN_STANDARD

[Global flags]
     intx CICompilerCount                          = 3                                         {product} {ergonomic}
     uint ConcGCThreads                            = 1                                         {product} {ergonomic}
     uint G1ConcRefinementThreads                  = 4                                         {product} {ergonomic}
   size_t G1HeapRegionSize                         = 1048576                                   {product} {ergonomic}
    uintx GCDrainStackTargetSize                   = 64                                        {product} {ergonomic}
   size_t InitialHeapSize                          = 134217728                                 {product} {ergonomic}
   size_t MarkStackSize                            = 4194304                                   {product} {ergonomic}
   size_t MaxHeapSize                              = 2126512128                                {product} {ergonomic}
   size_t MinHeapDeltaBytes                        = 1048576                                   {product} {ergonomic}
    uintx NonNMethodCodeHeapSize                   = 5830732                                {pd product} {ergonomic}
    uintx NonProfiledCodeHeapSize                  = 122913754                              {pd product} {ergonomic}
    uintx ProfiledCodeHeapSize                     = 122913754                              {pd product} {ergonomic}
    uintx ReservedCodeCacheSize                    = 251658240                              {pd product} {ergonomic}
     bool SegmentedCodeCache                       = true                                      {product} {ergonomic}
     bool UseCompressedClassPointers               = true                                 {lp64_product} {ergonomic}
     bool UseCompressedOops                        = true                                 {lp64_product} {ergonomic}
     bool UseG1GC                                  = true                                      {product} {ergonomic}
     bool UseLargePagesIndividualAllocation        = false                                  {pd product} {ergonomic}

Logging:
Log output configuration:
 #0: stdout all=warning uptime,level,tags
 #1: stderr all=off uptime,level,tags

Environment Variables:
PATH=C:\Program Files\Common Files\Oracle\Java\javapath;C:\Program Files\AdoptOpenJDK\jdk-11.0.9.11-hotspot\bin;C:\Program Files (x86)\NVIDIA Corporation\PhysX\Common;C:\Program Files (x86)\Razer\ChromaBroadcast\bin;C:\Program Files\Razer\ChromaBroadcast\bin;C:\Program Files (x86)\Common Files\Oracle\Java\javapath;C:\Program Files (x86)\Razer Chroma SDK\bin;C:\Program Files\Razer Chroma SDK\bin;C:\Program Files (x86)\Common Files\Intel\Shared Libraries\redist\intel64_win\compiler;C:\ProgramData\Oracle\Java\javapath;C:\Program Files (x86)\Intel\iCLS Client\;C:\Program Files\Intel\iCLS Client\;C:\WINDOWS\system32;C:\WINDOWS;C:\WINDOWS\System32\Wbem;C:\WINDOWS\System32\WindowsPowerShell\v1.0\;C:\Program Files (x86)\Intel\Intel(R) Management Engine Components\DAL;C:\Program Files\Intel\Intel(R) Management Engine Components\DAL;C:\Program Files (x86)\Intel\Intel(R) Management Engine Components\IPT;C:\Program Files\Intel\Intel(R) Management Engine Components\IPT;C:\WINDOWS\system32\config\systemprofile\AppData\Local\Microsoft\WindowsApps;C:\Program Files\dotnet\;C:\Users\Lipx3\.dnx\bin;C:\Program Files\Microsoft DNX\Dnvm\;C:\Program Files\Microsoft SQL Server\130\Tools\Binn\;C:\WINDOWS\System32\OpenSSH\;C:\Users\Lipx3\AppData\Local\Microsoft\WindowsApps;C:\Users\Lipx3\AppData\Local\Programs\Microsoft VS Code\bin;C:\WINDOWS\system32;C:\WINDOWS;C:\WINDOWS\System32\Wbem;C:\WINDOWS\System32\WindowsPowerShell\v1.0\;C:\WINDOWS\System32\OpenSSH\;C:\Program Files\Git\cmd;C:\Users\Lipx3\AppData\Local\Programs\Python\Python37\Scripts\;C:\Users\Lipx3\AppData\Local\Programs\Python\Python37\;C:\Users\Lipx3\AppData\Local\Microsoft\WindowsApps;;C:\Users\Lipx3\AppData\Local\Programs\Microsoft VS Code\bin
USERNAME=Lipx3
LANG=es_ES.UTF-8
OS=Windows_NT
PROCESSOR_IDENTIFIER=Intel64 Family 6 Model 61 Stepping 4, GenuineIntel



---------------  S Y S T E M  ---------------

OS: Windows 10 , 64 bit Build 19041 (10.0.19041.546)
OS uptime: 0 days 5:17 hours

CPU:total 4 (initial active 4) (2 cores per cpu, 2 threads per core) family 6 model 61 stepping 4, cmov, cx8, fxsr, mmx, sse, sse2, sse3, ssse3, sse4.1, sse4.2, popcnt, avx, avx2, aes, clmul, erms, 3dnowpref, lzcnt, ht, tsc, tscinvbit, bmi1, bmi2, adx, fma

Memory: 4k page, system-wide physical 8107M (813M free)
TotalPageFile size 9700M (AvailPageFile size 48M)
current process WorkingSet (physical memory assigned to process): 9M, peak: 9M
current process commit charge ("private bytes"): 51M, peak: 179M

vm_info: OpenJDK 64-Bit Server VM (11.0.9+11) for windows-amd64 JRE (11.0.9+11), built on Oct 24 2020 15:15:35 by "" with MS VC++ 15.9 (VS2017)

END.
